0 info it worked if it ends with ok
1 verbose cli [ '/home/toasty/.nodenv/versions/0.10.32/bin/node',
1 verbose cli   '/home/toasty/.nodenv/versions/0.10.32/bin/npm',
1 verbose cli   'install',
1 verbose cli   '--save',
1 verbose cli   'nodejs-uuid' ]
2 info using npm@1.4.28
3 info using node@v0.10.32
4 verbose readDependencies using package.json deps
5 verbose cache add [ 'nodejs-uuid', null ]
6 verbose cache add name=undefined spec="nodejs-uuid" args=["nodejs-uuid",null]
7 verbose parsed url { protocol: null,
7 verbose parsed url   slashes: null,
7 verbose parsed url   auth: null,
7 verbose parsed url   host: null,
7 verbose parsed url   port: null,
7 verbose parsed url   hostname: null,
7 verbose parsed url   hash: null,
7 verbose parsed url   search: null,
7 verbose parsed url   query: null,
7 verbose parsed url   pathname: 'nodejs-uuid',
7 verbose parsed url   path: 'nodejs-uuid',
7 verbose parsed url   href: 'nodejs-uuid' }
8 silly lockFile 999c0914-nodejs-uuid nodejs-uuid
9 verbose lock nodejs-uuid /home/toasty/.npm/999c0914-nodejs-uuid.lock
10 silly lockFile 999c0914-nodejs-uuid nodejs-uuid
11 silly lockFile 999c0914-nodejs-uuid nodejs-uuid
12 verbose addNamed [ 'nodejs-uuid', '' ]
13 verbose addNamed [ null, '*' ]
14 silly lockFile cf5014b9-nodejs-uuid nodejs-uuid@
15 verbose lock nodejs-uuid@ /home/toasty/.npm/cf5014b9-nodejs-uuid.lock
16 silly addNameRange { name: 'nodejs-uuid', range: '*', hasData: false }
17 verbose request where is /nodejs-uuid
18 verbose request registry https://registry.npmjs.org/
19 verbose request id 844899ca07bf2be2
20 verbose url raw /nodejs-uuid
21 verbose url resolving [ 'https://registry.npmjs.org/', './nodejs-uuid' ]
22 verbose url resolved https://registry.npmjs.org/nodejs-uuid
23 verbose request where is https://registry.npmjs.org/nodejs-uuid
24 info trying registry request attempt 1 at 21:23:25
25 http GET https://registry.npmjs.org/nodejs-uuid
26 http 404 https://registry.npmjs.org/nodejs-uuid
27 verbose headers { date: 'Sat, 15 Nov 2014 05:23:26 GMT',
27 verbose headers   server: 'CouchDB/1.5.0 (Erlang OTP/R16B03)',
27 verbose headers   'content-type': 'application/json',
27 verbose headers   'cache-control': 'max-age=0',
27 verbose headers   'content-length': '52',
27 verbose headers   'accept-ranges': 'bytes',
27 verbose headers   via: '1.1 varnish',
27 verbose headers   age: '0',
27 verbose headers   'x-served-by': 'cache-sjc3132-SJC',
27 verbose headers   'x-cache': 'MISS',
27 verbose headers   'x-cache-hits': '0',
27 verbose headers   'x-timer': 'S1416029006.088076,VS0,VE152',
27 verbose headers   'keep-alive': 'timeout=10, max=50',
27 verbose headers   connection: 'Keep-Alive' }
28 silly registry.get cb [ 404,
28 silly registry.get   { date: 'Sat, 15 Nov 2014 05:23:26 GMT',
28 silly registry.get     server: 'CouchDB/1.5.0 (Erlang OTP/R16B03)',
28 silly registry.get     'content-type': 'application/json',
28 silly registry.get     'cache-control': 'max-age=0',
28 silly registry.get     'content-length': '52',
28 silly registry.get     'accept-ranges': 'bytes',
28 silly registry.get     via: '1.1 varnish',
28 silly registry.get     age: '0',
28 silly registry.get     'x-served-by': 'cache-sjc3132-SJC',
28 silly registry.get     'x-cache': 'MISS',
28 silly registry.get     'x-cache-hits': '0',
28 silly registry.get     'x-timer': 'S1416029006.088076,VS0,VE152',
28 silly registry.get     'keep-alive': 'timeout=10, max=50',
28 silly registry.get     connection: 'Keep-Alive' } ]
29 silly lockFile cf5014b9-nodejs-uuid nodejs-uuid@
30 silly lockFile cf5014b9-nodejs-uuid nodejs-uuid@
31 error 404 404 Not Found: nodejs-uuid
31 error 404
31 error 404 'nodejs-uuid' is not in the npm registry.
31 error 404 You should bug the author to publish it
31 error 404 It was specified as a dependency of 'space-game'
31 error 404
31 error 404 Note that you can also install from a
31 error 404 tarball, folder, or http url, or git url.
32 error System Linux 3.17.1-1-ARCH
33 error command "/home/toasty/.nodenv/versions/0.10.32/bin/node" "/home/toasty/.nodenv/versions/0.10.32/bin/npm" "install" "--save" "nodejs-uuid"
34 error cwd /home/toasty/programming/node/space-game
35 error node -v v0.10.32
36 error npm -v 1.4.28
37 error code E404
38 verbose exit [ 1, true ]
